学习日志
2005 VPU R05	3
	2005-7 媒体网关软件	3
2005-7-27 基础知识学习	3
2005-07-29 DOPRA 学习	4
2005-07-30 DOPRA 学习	4
	2005-8 新员工学习	6
2005-08-01 DOPRA和板内流程学习	6
2005-08-02 板内流程及DOPRA学习	7
2005-08-03 板内流程和DOPRA学习	10
2005-08-04 23.205学习	12
2005-08-05 H.248学习	12
2005-08-06 H.248学习	15
2005-08-07 单板学习	15
2005-8-9 23.205学习	16
2005-8-10 TG环境建立	17
2005-8-14 学习总结	18
2005-8-15 MindSpeed 学习	20
2005-8-16 MINDSPEED学习	20
2005-08-22 Mindspeed 学习，放音流程	24
2005-08-23 定义需求框架，学习放音模块	27
2005-08-24 MINDSPEED SRS撰写	28
8-25 学习mindspeed	29
8月26日MPTY 学习	30
8月27日 MindSpeed需求分析	33
8月28日 Core table learning	33
8月30日 MINDSPEED 需求分析	35
8月31日 MINDSPEED 需求分析	37
	2005年9月 Mindspeed 设计阶段	39
9月1日 Mindspeed SRS	39
9月2日 Mindspeed SRS and Interface to Driver	39
9月12日 测试脚本编写	43
9月13日 测试脚本编写	43
9月14日 COCK模块学习，CHN实现分析	43
9月15日 流程跟踪	43
9-17 FAX流程跟踪	44
9月23日 集成测试	44
9月26日 星期一 MINDSPEED流程设计	45
	2005年10月8日 MINDSPEED设计文档计编码	46
10月8日 流程细化	46
10月10日 概要设计	46
10月15日 概要设计（RM模块）	47
10月19日 二级验证，lint错误改正	48
10月24日 Mindspeed概要设计和详细设计	49
10月27日 Mindspeed详细设计	49
11月1日 Mindspeed详细设计，编码	49
11月3日 R05C02B022版本一级验证	50
